{"/Users/zane/playground/liquid-labs/plugable-projects-audit/src/handlers/projects/audit-fix-implied.mjs": {"path":"/Users/zane/playground/liquid-labs/plugable-projects-audit/src/handlers/projects/audit-fix-implied.mjs","statementMap":{"0":{"start":{"line":1,"column":0},"end":{"line":1,"column":null}},"1":{"start":{"line":3,"column":0},"end":{"line":3,"column":null}},"2":{"start":{"line":5,"column":0},"end":{"line":5,"column":null}},"3":{"start":{"line":7,"column":10},"end":{"line":7,"column":38}},"4":{"start":{"line":9,"column":37},"end":{"line":9,"column":92}},"5":{"start":{"line":9,"column":12},"end":{"line":9,"column":11}},"6":{"start":{"line":9,"column":20},"end":{"line":9,"column":19}},"7":{"start":{"line":9,"column":32},"end":{"line":9,"column":31}},"8":{"start":{"line":11,"column":10},"end":{"line":22,"column":null}},"9":{"start":{"line":11,"column":19},"end":{"line":11,"column":18}},"10":{"start":{"line":11,"column":29},"end":{"line":11,"column":28}},"11":{"start":{"line":11,"column":29},"end":{"line":22,"column":null}},"12":{"start":{"line":11,"column":50},"end":{"line":21,"column":null}},"13":{"start":{"line":12,"column":2},"end":{"line":12,"column":null}},"14":{"start":{"line":14,"column":8},"end":{"line":14,"column":null}},"15":{"start":{"line":14,"column":30},"end":{"line":15,"column":null}},"16":{"start":{"line":15,"column":23},"end":{"line":15,"column":null}},"17":{"start":{"line":15,"column":23},"end":{"line":16,"column":null}},"18":{"start":{"line":16,"column":110},"end":{"line":16,"column":null}},"19":{"start":{"line":16,"column":110},"end":{"line":19,"column":null}},"20":{"start":{"line":19,"column":70},"end":{"line":19,"column":null}},"21":{"start":{"line":19,"column":16},"end":{"line":null,"column":-1}},"22":{"start":{"line":19,"column":14},"end":{"line":19,"column":16}},"23":{"start":{"line":19,"column":14},"end":{"line":21,"column":null}},"24":{"start":{"line":21,"column":50},"end":{"line":21,"column":null}},"25":{"start":{"line":22,"column":1},"end":{"line":22,"column":null}}},"fnMap":{"0":{"name":"func","decl":{"start":{"line":11,"column":6},"end":{"line":11,"column":10}},"loc":{"start":{"line":11,"column":10},"end":{"line":22,"column":null}}},"1":{"name":"(anonymous_1)","decl":{"start":{"line":11,"column":29},"end":{"line":11,"column":36}},"loc":{"start":{"line":11,"column":29},"end":{"line":22,"column":null}}},"2":{"name":"_callee","decl":{"start":{"line":11,"column":36},"end":{"line":11,"column":42}},"loc":{"start":{"line":11,"column":50},"end":{"line":21,"column":null}}},"3":{"name":"_callee$","decl":{"start":{"line":11,"column":50},"end":{"line":11,"column":null}},"loc":{"start":{"line":11,"column":50},"end":{"line":21,"column":null}}},"4":{"name":"(anonymous_4)","decl":{"start":{"line":22,"column":1},"end":{"line":22,"column":null}},"loc":{"start":{"line":22,"column":1},"end":{"line":22,"column":null}}}},"branchMap":{"0":{"loc":{"start":{"line":11,"column":50},"end":{"line":21,"column":null}},"type":"switch","locations":[{"start":{"line":11,"column":50},"end":{"line":16,"column":null}},{"start":{"line":16,"column":110},"end":{"line":19,"column":null}},{"start":{"line":19,"column":70},"end":{"line":21,"column":null}},{"start":{"line":21,"column":50},"end":{"line":21,"column":null}},{"start":{"line":21,"column":50},"end":{"line":21,"column":null}}]},"1":{"loc":{"start":{"line":14,"column":30},"end":{"line":15,"column":null}},"type":"if","locations":[{"start":{"line":14,"column":30},"end":{"line":15,"column":null}}]}},"s":{"0":0,"1":0,"2":0,"3":0,"4":0,"5":0,"6":0,"7":0,"8":0,"9":0,"10":0,"11":0,"12":0,"13":0,"14":0,"15":0,"16":0,"17":0,"18":0,"19":0,"20":0,"21":0,"22":0,"23":0,"24":0,"25":0},"f":{"0":0,"1":0,"2":0,"3":0,"4":0},"b":{"0":[0,0,0,0,0],"1":[0]}}
,"/Users/zane/playground/liquid-labs/plugable-projects-audit/src/handlers/projects/audit-fix.mjs": {"path":"/Users/zane/playground/liquid-labs/plugable-projects-audit/src/handlers/projects/audit-fix.mjs","statementMap":{"0":{"start":{"line":2,"column":0},"end":{"line":2,"column":null}},"1":{"start":{"line":4,"column":10},"end":{"line":4,"column":54}},"2":{"start":{"line":6,"column":37},"end":{"line":6,"column":90}},"3":{"start":{"line":6,"column":12},"end":{"line":6,"column":11}},"4":{"start":{"line":6,"column":20},"end":{"line":6,"column":19}},"5":{"start":{"line":6,"column":32},"end":{"line":6,"column":31}},"6":{"start":{"line":8,"column":10},"end":{"line":14,"column":null}},"7":{"start":{"line":8,"column":19},"end":{"line":8,"column":18}},"8":{"start":{"line":8,"column":29},"end":{"line":8,"column":28}},"9":{"start":{"line":8,"column":29},"end":{"line":14,"column":null}},"10":{"start":{"line":8,"column":50},"end":{"line":13,"column":null}},"11":{"start":{"line":9,"column":2},"end":{"line":9,"column":null}},"12":{"start":{"line":11,"column":10},"end":{"line":11,"column":26}},"13":{"start":{"line":11,"column":21},"end":{"line":11,"column":26}},"14":{"start":{"line":11,"column":21},"end":{"line":13,"column":null}},"15":{"start":{"line":13,"column":50},"end":{"line":13,"column":null}},"16":{"start":{"line":14,"column":1},"end":{"line":14,"column":null}}},"fnMap":{"0":{"name":"func","decl":{"start":{"line":8,"column":6},"end":{"line":8,"column":10}},"loc":{"start":{"line":8,"column":10},"end":{"line":14,"column":null}}},"1":{"name":"(anonymous_1)","decl":{"start":{"line":8,"column":29},"end":{"line":8,"column":36}},"loc":{"start":{"line":8,"column":29},"end":{"line":14,"column":null}}},"2":{"name":"_callee","decl":{"start":{"line":8,"column":36},"end":{"line":8,"column":42}},"loc":{"start":{"line":8,"column":50},"end":{"line":13,"column":null}}},"3":{"name":"_callee$","decl":{"start":{"line":8,"column":50},"end":{"line":8,"column":null}},"loc":{"start":{"line":8,"column":50},"end":{"line":13,"column":null}}},"4":{"name":"(anonymous_4)","decl":{"start":{"line":14,"column":1},"end":{"line":14,"column":null}},"loc":{"start":{"line":14,"column":1},"end":{"line":14,"column":null}}}},"branchMap":{"0":{"loc":{"start":{"line":8,"column":50},"end":{"line":13,"column":null}},"type":"switch","locations":[{"start":{"line":8,"column":50},"end":{"line":13,"column":null}},{"start":{"line":13,"column":50},"end":{"line":13,"column":null}},{"start":{"line":13,"column":50},"end":{"line":13,"column":null}}]}},"s":{"0":0,"1":0,"2":0,"3":0,"4":0,"5":0,"6":0,"7":0,"8":0,"9":0,"10":0,"11":0,"12":0,"13":0,"14":0,"15":0,"16":0},"f":{"0":0,"1":0,"2":0,"3":0,"4":0},"b":{"0":[0,0,0]}}
,"/Users/zane/playground/liquid-labs/plugable-projects-audit/src/handlers/projects/audit-implied.mjs": {"path":"/Users/zane/playground/liquid-labs/plugable-projects-audit/src/handlers/projects/audit-implied.mjs","statementMap":{"0":{"start":{"line":1,"column":0},"end":{"line":1,"column":null}},"1":{"start":{"line":3,"column":0},"end":{"line":3,"column":null}},"2":{"start":{"line":5,"column":0},"end":{"line":5,"column":null}},"3":{"start":{"line":7,"column":10},"end":{"line":7,"column":34}},"4":{"start":{"line":9,"column":37},"end":{"line":9,"column":89}},"5":{"start":{"line":9,"column":12},"end":{"line":9,"column":11}},"6":{"start":{"line":9,"column":20},"end":{"line":9,"column":19}},"7":{"start":{"line":9,"column":32},"end":{"line":9,"column":31}},"8":{"start":{"line":11,"column":10},"end":{"line":22,"column":null}},"9":{"start":{"line":11,"column":19},"end":{"line":11,"column":18}},"10":{"start":{"line":11,"column":29},"end":{"line":11,"column":28}},"11":{"start":{"line":11,"column":29},"end":{"line":22,"column":null}},"12":{"start":{"line":11,"column":50},"end":{"line":21,"column":null}},"13":{"start":{"line":12,"column":2},"end":{"line":12,"column":null}},"14":{"start":{"line":14,"column":8},"end":{"line":14,"column":null}},"15":{"start":{"line":14,"column":30},"end":{"line":15,"column":null}},"16":{"start":{"line":15,"column":23},"end":{"line":15,"column":null}},"17":{"start":{"line":15,"column":23},"end":{"line":16,"column":null}},"18":{"start":{"line":16,"column":110},"end":{"line":16,"column":null}},"19":{"start":{"line":16,"column":110},"end":{"line":19,"column":null}},"20":{"start":{"line":19,"column":70},"end":{"line":19,"column":null}},"21":{"start":{"line":19,"column":16},"end":{"line":null,"column":-1}},"22":{"start":{"line":19,"column":14},"end":{"line":19,"column":16}},"23":{"start":{"line":19,"column":14},"end":{"line":21,"column":null}},"24":{"start":{"line":21,"column":47},"end":{"line":21,"column":null}},"25":{"start":{"line":22,"column":1},"end":{"line":22,"column":null}}},"fnMap":{"0":{"name":"func","decl":{"start":{"line":11,"column":6},"end":{"line":11,"column":10}},"loc":{"start":{"line":11,"column":10},"end":{"line":22,"column":null}}},"1":{"name":"(anonymous_1)","decl":{"start":{"line":11,"column":29},"end":{"line":11,"column":36}},"loc":{"start":{"line":11,"column":29},"end":{"line":22,"column":null}}},"2":{"name":"_callee","decl":{"start":{"line":11,"column":36},"end":{"line":11,"column":42}},"loc":{"start":{"line":11,"column":50},"end":{"line":21,"column":null}}},"3":{"name":"_callee$","decl":{"start":{"line":11,"column":50},"end":{"line":11,"column":null}},"loc":{"start":{"line":11,"column":50},"end":{"line":21,"column":null}}},"4":{"name":"(anonymous_4)","decl":{"start":{"line":22,"column":1},"end":{"line":22,"column":null}},"loc":{"start":{"line":22,"column":1},"end":{"line":22,"column":null}}}},"branchMap":{"0":{"loc":{"start":{"line":11,"column":50},"end":{"line":21,"column":null}},"type":"switch","locations":[{"start":{"line":11,"column":50},"end":{"line":16,"column":null}},{"start":{"line":16,"column":110},"end":{"line":19,"column":null}},{"start":{"line":19,"column":70},"end":{"line":21,"column":null}},{"start":{"line":21,"column":47},"end":{"line":21,"column":null}},{"start":{"line":21,"column":47},"end":{"line":21,"column":null}}]},"1":{"loc":{"start":{"line":14,"column":30},"end":{"line":15,"column":null}},"type":"if","locations":[{"start":{"line":14,"column":30},"end":{"line":15,"column":null}}]}},"s":{"0":0,"1":0,"2":0,"3":0,"4":0,"5":0,"6":0,"7":0,"8":0,"9":0,"10":0,"11":0,"12":0,"13":0,"14":0,"15":0,"16":0,"17":0,"18":0,"19":0,"20":0,"21":0,"22":0,"23":0,"24":0,"25":0},"f":{"0":0,"1":0,"2":0,"3":0,"4":0},"b":{"0":[0,0,0,0,0],"1":[0]}}
,"/Users/zane/playground/liquid-labs/plugable-projects-audit/src/handlers/projects/audit.mjs": {"path":"/Users/zane/playground/liquid-labs/plugable-projects-audit/src/handlers/projects/audit.mjs","statementMap":{"0":{"start":{"line":2,"column":0},"end":{"line":2,"column":null}},"1":{"start":{"line":4,"column":10},"end":{"line":4,"column":50}},"2":{"start":{"line":6,"column":37},"end":{"line":6,"column":87}},"3":{"start":{"line":6,"column":12},"end":{"line":6,"column":11}},"4":{"start":{"line":6,"column":20},"end":{"line":6,"column":19}},"5":{"start":{"line":6,"column":32},"end":{"line":6,"column":31}},"6":{"start":{"line":8,"column":10},"end":{"line":14,"column":null}},"7":{"start":{"line":8,"column":19},"end":{"line":8,"column":18}},"8":{"start":{"line":8,"column":29},"end":{"line":8,"column":28}},"9":{"start":{"line":8,"column":29},"end":{"line":14,"column":null}},"10":{"start":{"line":8,"column":50},"end":{"line":13,"column":null}},"11":{"start":{"line":9,"column":2},"end":{"line":9,"column":null}},"12":{"start":{"line":11,"column":10},"end":{"line":11,"column":26}},"13":{"start":{"line":11,"column":21},"end":{"line":11,"column":26}},"14":{"start":{"line":11,"column":21},"end":{"line":13,"column":null}},"15":{"start":{"line":13,"column":47},"end":{"line":13,"column":null}},"16":{"start":{"line":14,"column":1},"end":{"line":14,"column":null}}},"fnMap":{"0":{"name":"func","decl":{"start":{"line":8,"column":6},"end":{"line":8,"column":10}},"loc":{"start":{"line":8,"column":10},"end":{"line":14,"column":null}}},"1":{"name":"(anonymous_1)","decl":{"start":{"line":8,"column":29},"end":{"line":8,"column":36}},"loc":{"start":{"line":8,"column":29},"end":{"line":14,"column":null}}},"2":{"name":"_callee","decl":{"start":{"line":8,"column":36},"end":{"line":8,"column":42}},"loc":{"start":{"line":8,"column":50},"end":{"line":13,"column":null}}},"3":{"name":"_callee$","decl":{"start":{"line":8,"column":50},"end":{"line":8,"column":null}},"loc":{"start":{"line":8,"column":50},"end":{"line":13,"column":null}}},"4":{"name":"(anonymous_4)","decl":{"start":{"line":14,"column":1},"end":{"line":14,"column":null}},"loc":{"start":{"line":14,"column":1},"end":{"line":14,"column":null}}}},"branchMap":{"0":{"loc":{"start":{"line":8,"column":50},"end":{"line":13,"column":null}},"type":"switch","locations":[{"start":{"line":8,"column":50},"end":{"line":13,"column":null}},{"start":{"line":13,"column":47},"end":{"line":13,"column":null}},{"start":{"line":13,"column":47},"end":{"line":13,"column":null}}]}},"s":{"0":0,"1":0,"2":0,"3":0,"4":0,"5":0,"6":0,"7":0,"8":0,"9":0,"10":0,"11":0,"12":0,"13":0,"14":0,"15":0,"16":0},"f":{"0":0,"1":0,"2":0,"3":0,"4":0},"b":{"0":[0,0,0]}}
,"/Users/zane/playground/liquid-labs/plugable-projects-audit/src/handlers/projects/_lib/audit-fix-lib.mjs": {"path":"/Users/zane/playground/liquid-labs/plugable-projects-audit/src/handlers/projects/_lib/audit-fix-lib.mjs","statementMap":{"0":{"start":{"line":1,"column":0},"end":{"line":1,"column":null}},"1":{"start":{"line":2,"column":0},"end":{"line":2,"column":null}},"2":{"start":{"line":4,"column":16},"end":{"line":4,"column":19}},"3":{"start":{"line":4,"column":16},"end":{"line":14,"column":null}},"4":{"start":{"line":4,"column":19},"end":{"line":13,"column":null}},"5":{"start":{"line":4,"column":27},"end":{"line":4,"column":null}},"6":{"start":{"line":4,"column":53},"end":{"line":5,"column":53}},"7":{"start":{"line":5,"column":48},"end":{"line":5,"column":53}},"8":{"start":{"line":5,"column":48},"end":{"line":7,"column":null}},"9":{"start":{"line":7,"column":111},"end":{"line":7,"column":null}},"10":{"start":{"line":7,"column":23},"end":{"line":null,"column":-1}},"11":{"start":{"line":7,"column":21},"end":{"line":7,"column":23}},"12":{"start":{"line":7,"column":21},"end":{"line":9,"column":null}},"13":{"start":{"line":9,"column":8},"end":{"line":9,"column":28}},"14":{"start":{"line":9,"column":19},"end":{"line":9,"column":28}},"15":{"start":{"line":9,"column":19},"end":{"line":10,"column":null}},"16":{"start":{"line":10,"column":8},"end":{"line":10,"column":27}},"17":{"start":{"line":11,"column":8},"end":{"line":11,"column":null}},"18":{"start":{"line":13,"column":2},"end":{"line":13,"column":null}},"19":{"start":{"line":13,"column":66},"end":{"line":13,"column":null}},"20":{"start":{"line":14,"column":1},"end":{"line":4,"column":19}},"21":{"start":{"line":16,"column":35},"end":{"line":48,"column":1}},"22":{"start":{"line":16,"column":49},"end":{"line":16,"column":48}},"23":{"start":{"line":17,"column":15},"end":{"line":25,"column":3}},"24":{"start":{"line":27,"column":17},"end":{"line":27,"column":22}},"25":{"start":{"line":29,"column":21},"end":{"line":44,"column":null}},"26":{"start":{"line":47,"column":2},"end":{"line":47,"column":null}}},"fnMap":{"0":{"name":"(anonymous_0)","decl":{"start":{"line":4,"column":16},"end":{"line":4,"column":19}},"loc":{"start":{"line":4,"column":16},"end":{"line":4,"column":19}}},"1":{"name":"_callee","decl":{"start":{"line":4,"column":19},"end":{"line":4,"column":27}},"loc":{"start":{"line":4,"column":19},"end":{"line":13,"column":null}}},"2":{"name":"doAuditFix","decl":{"start":{"line":4,"column":6},"end":{"line":4,"column":16}},"loc":{"start":{"line":4,"column":16},"end":{"line":4,"column":19}}},"3":{"name":"getAuditFixEndpointParameters","decl":{"start":{"line":16,"column":6},"end":{"line":16,"column":35}},"loc":{"start":{"line":16,"column":56},"end":{"line":48,"column":1}}}},"branchMap":{"0":{"loc":{"start":{"line":4,"column":19},"end":{"line":13,"column":null}},"type":"switch","locations":[{"start":{"line":4,"column":19},"end":{"line":7,"column":null}},{"start":{"line":7,"column":111},"end":{"line":9,"column":null}},{"start":{"line":9,"column":53},"end":{"line":10,"column":null}},{"start":{"line":10,"column":122},"end":{"line":13,"column":null}},{"start":{"line":13,"column":66},"end":{"line":13,"column":null}},{"start":{"line":13,"column":66},"end":{"line":13,"column":null}}]}},"s":{"0":0,"1":0,"2":0,"3":0,"4":0,"5":0,"6":0,"7":0,"8":0,"9":0,"10":0,"11":0,"12":0,"13":0,"14":0,"15":0,"16":0,"17":0,"18":0,"19":0,"20":0,"21":0,"22":0,"23":0,"24":0,"25":0,"26":0},"f":{"0":0,"1":0,"2":0,"3":0},"b":{"0":[0,0,0,0,0,0]}}
,"/Users/zane/playground/liquid-labs/plugable-projects-audit/src/handlers/projects/_lib/audit-lib.mjs": {"path":"/Users/zane/playground/liquid-labs/plugable-projects-audit/src/handlers/projects/_lib/audit-lib.mjs","statementMap":{"0":{"start":{"line":1,"column":0},"end":{"line":1,"column":null}},"1":{"start":{"line":2,"column":0},"end":{"line":2,"column":null}},"2":{"start":{"line":4,"column":13},"end":{"line":4,"column":16}},"3":{"start":{"line":4,"column":13},"end":{"line":13,"column":null}},"4":{"start":{"line":4,"column":16},"end":{"line":12,"column":null}},"5":{"start":{"line":4,"column":24},"end":{"line":4,"column":null}},"6":{"start":{"line":4,"column":50},"end":{"line":4,"column":null}},"7":{"start":{"line":4,"column":50},"end":{"line":5,"column":null}},"8":{"start":{"line":5,"column":111},"end":{"line":5,"column":null}},"9":{"start":{"line":5,"column":23},"end":{"line":null,"column":-1}},"10":{"start":{"line":5,"column":21},"end":{"line":5,"column":23}},"11":{"start":{"line":5,"column":21},"end":{"line":7,"column":null}},"12":{"start":{"line":7,"column":8},"end":{"line":7,"column":28}},"13":{"start":{"line":7,"column":19},"end":{"line":8,"column":27}},"14":{"start":{"line":10,"column":8},"end":{"line":10,"column":null}},"15":{"start":{"line":12,"column":2},"end":{"line":12,"column":null}},"16":{"start":{"line":12,"column":58},"end":{"line":12,"column":null}},"17":{"start":{"line":13,"column":1},"end":{"line":4,"column":16}},"18":{"start":{"line":15,"column":32},"end":{"line":27,"column":1}},"19":{"start":{"line":15,"column":46},"end":{"line":15,"column":45}},"20":{"start":{"line":16,"column":15},"end":{"line":20,"column":3}},"21":{"start":{"line":22,"column":17},"end":{"line":22,"column":22}},"22":{"start":{"line":24,"column":21},"end":{"line":24,"column":23}},"23":{"start":{"line":26,"column":2},"end":{"line":26,"column":null}}},"fnMap":{"0":{"name":"(anonymous_0)","decl":{"start":{"line":4,"column":13},"end":{"line":4,"column":16}},"loc":{"start":{"line":4,"column":13},"end":{"line":4,"column":16}}},"1":{"name":"_callee","decl":{"start":{"line":4,"column":16},"end":{"line":4,"column":24}},"loc":{"start":{"line":4,"column":16},"end":{"line":12,"column":null}}},"2":{"name":"doAudit","decl":{"start":{"line":4,"column":6},"end":{"line":4,"column":13}},"loc":{"start":{"line":4,"column":13},"end":{"line":4,"column":16}}},"3":{"name":"getAuditEndpointParameters","decl":{"start":{"line":15,"column":6},"end":{"line":15,"column":32}},"loc":{"start":{"line":15,"column":53},"end":{"line":27,"column":1}}}},"branchMap":{"0":{"loc":{"start":{"line":4,"column":16},"end":{"line":12,"column":null}},"type":"switch","locations":[{"start":{"line":4,"column":16},"end":{"line":5,"column":null}},{"start":{"line":5,"column":111},"end":{"line":7,"column":null}},{"start":{"line":7,"column":53},"end":{"line":12,"column":null}},{"start":{"line":12,"column":58},"end":{"line":12,"column":null}},{"start":{"line":12,"column":58},"end":{"line":12,"column":null}}]},"1":{"loc":{"start":{"line":10,"column":24},"end":{"line":10,"column":102}},"type":"cond-expr","locations":[{"start":{"line":10,"column":37},"end":{"line":10,"column":97}},{"start":{"line":10,"column":100},"end":{"line":10,"column":102}}]}},"s":{"0":1,"1":1,"2":1,"3":1,"4":0,"5":0,"6":0,"7":0,"8":0,"9":0,"10":0,"11":0,"12":0,"13":0,"14":0,"15":0,"16":0,"17":1,"18":1,"19":1,"20":1,"21":1,"22":1,"23":1},"f":{"0":1,"1":0,"2":0,"3":1},"b":{"0":[0,0,0,0,0],"1":[0,0]}}
}
